[2025-09-27 10:37:17] Matched 29 with 30 score=0.66342421612484
[2025-09-27 10:37:37] Matched 29 with 30 score=0.65985278755341
[2025-09-27 10:38:18] Matched 29 with 30 score=0.65717421612484
[2025-09-27 10:39:40] Matched 29 with 30 score=0.56342421612484
[2025-09-27 10:39:59] Worker started.
[2025-09-27 10:39:59] Fewer than 2 distinct users in queue. Exiting.
[2025-09-27 10:40:01] Worker started.
[2025-09-27 10:40:01] Fewer than 2 distinct users in queue. Exiting.
[2025-09-27 10:40:14] Worker started.
[2025-09-27 10:40:14] Matched 29 with 30 score=0.63842421612484
[2025-09-27 10:41:01] Worker started.
[2025-09-27 10:41:01] Fewer than 2 distinct users in queue. Exiting.
[2025-09-27 10:42:01] Worker started.
[2025-09-27 10:42:01] Fewer than 2 distinct users in queue. Exiting.
[2025-09-27 10:43:02] Worker started.
[2025-09-27 10:43:02] Fewer than 2 distinct users in queue. Exiting.
[2025-09-27 10:44:01] Worker started.
[2025-09-27 10:44:01] Fewer than 2 distinct users in queue. Exiting.
[2025-09-27 10:45:01] Worker started.
[2025-09-27 10:45:01] Fewer than 2 distinct users in queue. Exiting.
[2025-09-27 10:46:01] Worker started.
[2025-09-27 10:46:01] Matched 31 with 32 score=0.23541666666667
[2025-09-27 10:47:01] Worker started.
[2025-09-27 10:47:01] Fewer than 2 distinct users in queue. Exiting.
[2025-09-27 10:48:01] Worker started.
[2025-09-27 10:48:01] Fewer than 2 distinct users in queue. Exiting.
[2025-09-27 10:49:01] Worker started.
[2025-09-27 10:49:01] Fewer than 2 distinct users in queue. Exiting.
[2025-09-27 10:50:01] Worker started.
[2025-09-27 10:50:01] Matched 32 with 33 score=0.18333333333333
[2025-09-27 10:51:01] Worker started.
[2025-09-27 10:51:01] Fewer than 2 distinct users in queue. Exiting.
[2025-09-27 10:52:01] Worker started.
[2025-09-27 10:52:01] Fewer than 2 distinct users in queue. Exiting.
[2025-09-27 10:53:01] Worker started.
[2025-09-27 10:53:01] Fewer than 2 distinct users in queue. Exiting.
[2025-09-27 10:54:01] Worker started.
[2025-09-27 10:54:01] Fewer than 2 distinct users in queue. Exiting.
[2025-09-27 10:55:01] Worker started.
[2025-09-27 10:55:01] Fewer than 2 distinct users in queue. Exiting.
[2025-09-27 10:56:01] Worker started.
[2025-09-27 10:56:01] Fewer than 2 distinct users in queue. Exiting.
[2025-09-27 10:57:01] Worker started.
[2025-09-27 10:57:01] Fewer than 2 distinct users in queue. Exiting.
[2025-09-27 10:57:32] Worker started.
[2025-09-27 10:57:32] Matched 34 with 29 score=0.20666666666667
[2025-09-27 10:58:01] Worker started.
[2025-09-27 10:58:01] Fewer than 2 distinct users in queue. Exiting.
[2025-09-27 10:59:01] Worker started.
[2025-09-27 10:59:01] Fewer than 2 distinct users in queue. Exiting.
[2025-09-27 11:00:01] Worker started.
[2025-09-27 11:00:01] Fewer than 2 distinct users in queue. Exiting.
[2025-09-27 11:01:01] Worker started.
[2025-09-27 11:01:01] Fewer than 2 distinct users in queue. Exiting.
[2025-09-27 11:02:01] Worker started.
[2025-09-27 11:02:01] Matched 35 with 29 score=0.20666666666667
[2025-09-27 11:02:04] Worker started.
[2025-09-27 11:02:04] Fewer than 2 distinct users in queue. Exiting.
[2025-09-27 11:03:01] Worker started.
[2025-09-27 11:03:01] Fewer than 2 distinct users in queue. Exiting.
[2025-09-27 11:04:01] Worker started.
[2025-09-27 11:04:01] Fewer than 2 distinct users in queue. Exiting.
[2025-09-27 11:05:01] Worker started.
[2025-09-27 11:05:01] Fewer than 2 distinct users in queue. Exiting.
[2025-09-27 11:06:01] Worker started.
[2025-09-27 11:06:01] Fewer than 2 distinct users in queue. Exiting.
[2025-09-27 11:07:01] Worker started.
[2025-09-27 11:07:01] Fewer than 2 distinct users in queue. Exiting.
Queue contents: []
Queue contents: []
Queue contents: []
Queue contents: []
Queue contents: [{"id":150,"user_id":46}]
Queue contents: []
Queue contents: []
Queue contents: []
Queue contents: [{"id":159,"user_id":46}]
Queue contents: []
Queue contents: []
Queue contents: []
Queue contents: []
Queue contents: [{"id":161,"user_id":45}]
Queue contents: [{"id":161,"user_id":45}]
Queue contents: [{"id":161,"user_id":45}]
Queue contents: [{"id":161,"user_id":45}]
Queue contents: [{"id":161,"user_id":45}]
Queue contents: [{"id":161,"user_id":45}]
Queue contents: [{"id":161,"user_id":45}]
Queue contents: [{"id":161,"user_id":45}]
Queue contents: [{"id":161,"user_id":45}]
Queue contents: [{"id":163,"user_id":46}]
Queue contents: [{"id":163,"user_id":46}]
Queue contents: [{"id":163,"user_id":46}]
Queue contents: []
Queue contents: []
Queue contents: [{"id":164,"user_id":46}]
Queue contents: []
Queue contents: [{"id":166,"user_id":44}]
Queue contents: [{"id":166,"user_id":44}]
Queue contents: [{"id":166,"user_id":44}]
Queue contents: []
Queue contents: []
Queue contents: []
Queue contents: []
Queue contents: []
Queue contents: []
Queue contents: []
Queue contents: []
Queue contents: []
Queue contents: []
Queue contents: []
Queue contents: []
Queue contents: []
Queue contents: []
Queue contents: []
Queue contents: [{"id":167,"user_id":46}]
Queue contents: [{"id":167,"user_id":46}]
Queue contents: [{"id":167,"user_id":46}]
Queue contents: [{"id":167,"user_id":46}]
Queue contents: [{"id":167,"user_id":46}]
Queue contents: [{"id":167,"user_id":46}]
Queue contents: [{"id":167,"user_id":46}]
Queue contents: [{"id":167,"user_id":46}]
Queue contents: [{"id":167,"user_id":46}]
Queue contents: [{"id":167,"user_id":46}]
Queue contents: [{"id":167,"user_id":46}]
Queue contents: [{"id":167,"user_id":46}]
Queue contents: [{"id":167,"user_id":46}]
Queue contents: [{"id":167,"user_id":46}]
Queue contents: []
Queue contents: []
Queue contents: []
Queue contents: []
Queue contents: []
Queue contents: []
Queue contents: []
Queue contents: []
Queue contents: []
Queue contents: []
Queue contents: []
Queue contents: []
Queue contents: []
Queue contents: []
Queue contents: []
Queue contents: []
Queue contents: []
Queue contents: []
Queue contents: []
Queue contents: []
Queue contents: []
Queue contents: []
Queue contents: []
Queue contents: []
Queue contents: []
Queue contents: []
Queue contents: []
Queue contents: []
Queue contents: []
Queue contents: []
Queue contents: []
Queue contents: []
Queue contents: []
Queue contents: []
Queue contents: []
Queue contents: []
Queue contents: []
Queue contents: []
Queue contents: []
Queue contents: []
Queue contents: []
Queue contents: []
Queue contents: []
Queue contents: []
Queue contents: []
Queue contents: []
Queue contents: []
Queue contents: []
Queue contents: []
Queue contents: []
Queue contents: []
Queue contents: []
Queue contents: []
Queue contents: []
Queue contents: []
Queue contents: []
Queue contents: []
Queue contents: []
Queue contents: []
Queue contents: []
Queue contents: []
Queue contents: []
Queue contents: []
Queue contents: []
Queue contents: []
Queue contents: []
Queue contents: []
Queue contents: []
Queue contents: []
Queue contents: []
Queue contents: []
Queue contents: []
Queue contents: []
Queue contents: []
Queue contents: []
Queue contents: []
Queue contents: []
Queue contents: []
Queue contents: []
Queue contents: []
Queue contents: []
Queue contents: []
Queue contents: []
Queue contents: []
Queue contents: []
Queue contents: []
Queue contents: []
Queue contents: []
Queue contents: []
Queue contents: []
Queue contents: []
Queue contents: []
Queue contents: []
Queue contents: []
Queue contents: []
Queue contents: []
Queue contents: []
Queue contents: []
Queue contents: []
Queue contents: []
Queue contents: []
Queue contents: []
Queue contents: []
Queue contents: []
Queue contents: []
Queue contents: []
Queue contents: []
Queue contents: []
Queue contents: []
Queue contents: []
Queue contents: []
Queue contents: []
Queue contents: []
Queue contents: []
Queue contents: []
Queue contents: []
Queue contents: []
Queue contents: []
Queue contents: []
Queue contents: []
Queue contents: []
Queue contents: []
Queue contents: []
Queue contents: []
Queue contents: []
Queue contents: []
Queue contents: []
Queue contents: []
Queue contents: []
Queue contents: []
Queue contents: []
Queue contents: []
Queue contents: []
Queue contents: []
Queue contents: []
Queue contents: []
Queue contents: []
Queue contents: []
Queue contents: []
Queue contents: []
Queue contents: []
Queue contents: []
Queue contents: []
Queue contents: []
Queue contents: []
Queue contents: []
Queue contents: []
Queue contents: []
Queue contents: []
Queue contents: []
Queue contents: []
Queue contents: []
Queue contents: []
Queue contents: []
Queue contents: []
Queue contents: []
Queue contents: []
Queue contents: []
Queue contents: []
Queue contents: []
Queue contents: []
Queue contents: []
Queue contents: []
Queue contents: []
Queue contents: []
Queue contents: []
Queue contents: []
Queue contents: []
Queue contents: []
Queue contents: [{"id":176,"user_id":47}]
Queue contents: [{"id":176,"user_id":47}]
Queue contents: [{"id":176,"user_id":47}]
Queue contents: [{"id":176,"user_id":47}]
Queue contents: [{"id":176,"user_id":47}]
Queue contents: [{"id":176,"user_id":47}]
Queue contents: [{"id":176,"user_id":47}]
Queue contents: [{"id":176,"user_id":47}]
Queue contents: [{"id":176,"user_id":47}]
Queue contents: [{"id":176,"user_id":47}]
Queue contents: [{"id":176,"user_id":47}]
Queue contents: [{"id":176,"user_id":47}]
Queue contents: [{"id":176,"user_id":47}]
Queue contents: [{"id":176,"user_id":47}]
Queue contents: [{"id":176,"user_id":47}]
Queue contents: [{"id":176,"user_id":47}]
Queue contents: [{"id":176,"user_id":47}]
Queue contents: [{"id":176,"user_id":47}]
Queue contents: [{"id":176,"user_id":47}]
Queue contents: [{"id":176,"user_id":47}]
Queue contents: [{"id":176,"user_id":47}]
Queue contents: []
Queue contents: []
Queue contents: []
Queue contents: []
Queue contents: []
Queue contents: []
Queue contents: []
Queue contents: []
Queue contents: []
Queue contents: []
Queue contents: []
Queue contents: []
Queue contents: []
Queue contents: []
Queue contents: []
Queue contents: []
Queue contents: []
Queue contents: []
Queue contents: []
Queue contents: []
Queue contents: []
Queue contents: []
Queue contents: []
Queue contents: []
Queue contents: []
Queue contents: []
Queue contents: []
Queue contents: []
Queue contents: []
Queue contents: []
Queue contents: []
Queue contents: []
Queue contents: []
Queue contents: []
Queue contents: []
Queue contents: []
Queue contents: []
Queue contents: []
Queue contents: []
Queue contents: []
Queue contents: []
Queue contents: []
Queue contents: []
Queue contents: []
Queue contents: []
Queue contents: []
Queue contents: []
Queue contents: []
Queue contents: []
Queue contents: []
Queue contents: []
Queue contents: []
Queue contents: []
Queue contents: []
Queue contents: []
Queue contents: []
Queue contents: []
Queue contents: []
Queue contents: []
Queue contents: []
Queue contents: []
Queue contents: []
Queue contents: []
Queue contents: []
Queue contents: []
Queue contents: []
Queue contents: []
Queue contents: []
Queue contents: []
Queue contents: []
Queue contents: []
Queue contents: []
Queue contents: []
Queue contents: []
Queue contents: []
Queue contents: []
Queue contents: []
Queue contents: []
Queue contents: []
Queue contents: []
Queue contents: []
Queue contents: []
Queue contents: []
Queue contents: []
Queue contents: []
Queue contents: []
Queue contents: []
Queue contents: []
Queue contents: []
Queue contents: []
Queue contents: []
Queue contents: []
Queue contents: []
Queue contents: []
Queue contents: []
Queue contents: []
Queue contents: []
Queue contents: []
Queue contents: []
Queue contents: []
Queue contents: []
Queue contents: []
Queue contents: []
Queue contents: []
Queue contents: []
Queue contents: []
Queue contents: []
Queue contents: []
Queue contents: []
Queue contents: []
Queue contents: []
Queue contents: []
Queue contents: []
Queue contents: []
Queue contents: []
Queue contents: []
Queue contents: []
Queue contents: []
Queue contents: []
Queue contents: []
Queue contents: []
Queue contents: []
Queue contents: []
Queue contents: []
Queue contents: []
Queue contents: []
Queue contents: []
Queue contents: []
Queue contents: []
Queue contents: []
Queue contents: []
Queue contents: []
Queue contents: []
Queue contents: []
Queue contents: []
Queue contents: []
Queue contents: []
Queue contents: []
Queue contents: []
Queue contents: []
Queue contents: []
Queue contents: []
Queue contents: []
Queue contents: []
Queue contents: []
Queue contents: []
Queue contents: []
Queue contents: []
Queue contents: []
Queue contents: []
Queue contents: []
Queue contents: []
Queue contents: []
Queue contents: []
Queue contents: []
Queue contents: []
Queue contents: []
Queue contents: []
Queue contents: []
Queue contents: []
Queue contents: []
Queue contents: []
Queue contents: []
Queue contents: []
Queue contents: []
Queue contents: []
Queue contents: []
Queue contents: []
Queue contents: []
Queue contents: []
Queue contents: []
Queue contents: []
Queue contents: []
Queue contents: []
Queue contents: []
Queue contents: []
Queue contents: []
Queue contents: []
Queue contents: []
Queue contents: []
Queue contents: []
Queue contents: []
Queue contents: []
Queue contents: []
Queue contents: []
Queue contents: []
Queue contents: []
Queue contents: []
Queue contents: []
Queue contents: []
Queue contents: []
Queue contents: []
Queue contents: []
Queue contents: []
Queue contents: []
Queue contents: []
Queue contents: []
Queue contents: []
Queue contents: []
Queue contents: []
Queue contents: []
Queue contents: []
Queue contents: []
Queue contents: []
Queue contents: []
Queue contents: []
Queue contents: []
Queue contents: []
Queue contents: []
Queue contents: []
Queue contents: []
Queue contents: []
Queue contents: []
Queue contents: []
Queue contents: []
Queue contents: []
Queue contents: []
Queue contents: []
Queue contents: []
Queue contents: []
Queue contents: []
Queue contents: []
Queue contents: []
Queue contents: []
Queue contents: []
Queue contents: []
Queue contents: []
Queue contents: []
Queue contents: []
Queue contents: []
Queue contents: []
Queue contents: []
Queue contents: []
Queue contents: []
Queue contents: []
Queue contents: []
Queue contents: []
Queue contents: []
Queue contents: []
Queue contents: []
Queue contents: []
Queue contents: []
Queue contents: []
Queue contents: []
Queue contents: []
Queue contents: []
Queue contents: []
Queue contents: []
Queue contents: []
Queue contents: []
Queue contents: []
Queue contents: []
Queue contents: []
Queue contents: []
Queue contents: []
Queue contents: []
Queue contents: []
Queue contents: []
Queue contents: []
Queue contents: []
Queue contents: []
Queue contents: []
Queue contents: []
Queue contents: []
Queue contents: []
Queue contents: []
Queue contents: []
Queue contents: []
Queue contents: []
Queue contents: []
Queue contents: []
Queue contents: []
Queue contents: []
Queue contents: []
Queue contents: []
Queue contents: []
Queue contents: []
Queue contents: []
Queue contents: []
Queue contents: []
Queue contents: []
Queue contents: []
Queue contents: []
Queue contents: []
Queue contents: []
Queue contents: []
Queue contents: []
Queue contents: []
Queue contents: []
Queue contents: []
Queue contents: []
Queue contents: []
Queue contents: []
Queue contents: []
Queue contents: []
Queue contents: []
Queue contents: []
Queue contents: []
Queue contents: []
Queue contents: []
Queue contents: []
Queue contents: []
Queue contents: []
Queue contents: []
Queue contents: []
Queue contents: []
Queue contents: []
Queue contents: []
Queue contents: []
Queue contents: []
Queue contents: []
Queue contents: []
Queue contents: []
Queue contents: []
Queue contents: []
Queue contents: []
Queue contents: []
Queue contents: []
Queue contents: []
Queue contents: []
Queue contents: []
Queue contents: []
Queue contents: []
Queue contents: []
Queue contents: []
Queue contents: []
Queue contents: []
Queue contents: []
Queue contents: []
Queue contents: []
Queue contents: []
Queue contents: []
Queue contents: []
Queue contents: []
Queue contents: []
Queue contents: []
Queue contents: []
Queue contents: []
Queue contents: []
Queue contents: []
Queue contents: []
Queue contents: []
Queue contents: []
Queue contents: []
Queue contents: []
Queue contents: []
Queue contents: []
Queue contents: []
Queue contents: []
Queue contents: []
Queue contents: []
Queue contents: []
Queue contents: []
Queue contents: []
Queue contents: []
Queue contents: []
Queue contents: []
Queue contents: []
Queue contents: []
Queue contents: []
Queue contents: []
Queue contents: []
Queue contents: []
Queue contents: []
Queue contents: []
Queue contents: []
Queue contents: []
Queue contents: []
Queue contents: []
Queue contents: []
Queue contents: []
Queue contents: []
Queue contents: []
Queue contents: []
Queue contents: []
Queue contents: []
Queue contents: []
Queue contents: []
Queue contents: []
Queue contents: []
Queue contents: []
Queue contents: []
Queue contents: []
Queue contents: []
Queue contents: []
Queue contents: []
Queue contents: []
Queue contents: []
Queue contents: []
Queue contents: []
Queue contents: []
Queue contents: []
Queue contents: []
Queue contents: []
Queue contents: []
Queue contents: []
Queue contents: []
Queue contents: []
Queue contents: []
Queue contents: []
Queue contents: []
Queue contents: []
Queue contents: []
Queue contents: []
Queue contents: []
Queue contents: []
Queue contents: []
Queue contents: []
Queue contents: []
Queue contents: []
Queue contents: []
Queue contents: []
Queue contents: []
Queue contents: []
Queue contents: []
Queue contents: []
Queue contents: []
Queue contents: []
Queue contents: []
Queue contents: []
Queue contents: []
Queue contents: []
Queue contents: []
Queue contents: []
Queue contents: []
Queue contents: []
Queue contents: []
Queue contents: []
Queue contents: []
Queue contents: []
Queue contents: []
Queue contents: []
Queue contents: []
Queue contents: []
Queue contents: []
Queue contents: []
Queue contents: []
Queue contents: []
Queue contents: []
Queue contents: []
Queue contents: []
Queue contents: []
Queue contents: []
Queue contents: []
Queue contents: []
Queue contents: []
Queue contents: []
Queue contents: []
Queue contents: []
Queue contents: []
Queue contents: []
Queue contents: []
Queue contents: []
Queue contents: []
Queue contents: []
Queue contents: []
Queue contents: []
Queue contents: []
Queue contents: []
Queue contents: []
Queue contents: []
Queue contents: []
Queue contents: []
Queue contents: []
Queue contents: []
Queue contents: []
Queue contents: []
Queue contents: []
Queue contents: []
Queue contents: []
Queue contents: []
Queue contents: []
Queue contents: []
Queue contents: []
Queue contents: []
Queue contents: []
Queue contents: []
Queue contents: []
Queue contents: []
Queue contents: []
Queue contents: []
Queue contents: []
Queue contents: []
Queue contents: []
Queue contents: []
Queue contents: []
Queue contents: []
Queue contents: []
Queue contents: []
Queue contents: []
Queue contents: []
Queue contents: []
Queue contents: []
Queue contents: []
Queue contents: []
Queue contents: []
Queue contents: []
Queue contents: []
Queue contents: []
Queue contents: []
Queue contents: []
Queue contents: []
Queue contents: []
Queue contents: []
Queue contents: []
Queue contents: []
Queue contents: []
Queue contents: []
Queue contents: []
Queue contents: []
Queue contents: []
Queue contents: []
Queue contents: []
Queue contents: []
Queue contents: []
Queue contents: []
Queue contents: []
Queue contents: []
Queue contents: []
Queue contents: []
Queue contents: []
Queue contents: []
Queue contents: []
Queue contents: []
Queue contents: []
Queue contents: []
Queue contents: []
Queue contents: []
Queue contents: []
Queue contents: []
Queue contents: []
Queue contents: []
Queue contents: []
Queue contents: []
Queue contents: []
Queue contents: []
Queue contents: []
Queue contents: []
Queue contents: []
Queue contents: []
Queue contents: []
Queue contents: []
Queue contents: []
Queue contents: []
Queue contents: []
Queue contents: []
Queue contents: []
Queue contents: []
